<?xml version="1.0" encoding="UTF-8" ?>
<testsuite failures="0" time="3.56" errors="1" skipped="0" tests="1" name="cunsumerTest.BaseTest">
  <properties>
[...]
</properties>
  <testcase time="3.148" classname="cunsumerTest.BaseTest" name="test">
    <error message="Error creating bean with name &apos;cunsumerTest.BaseTest&apos;: Injection of resource dependencies failed; nested exception is org.springframework.beans.factory.BeanCreationException: Error creating bean with name &apos;speakInterface&apos;: FactoryBean threw exception on object creation; nested exception is java.lang.IllegalStateException: Failed to check the status of the service net.lzw.interfaces.SpeakInterface. No provider available for the service net.lzw.interfaces.SpeakInterface from the url zookeeper://127.0.0.1:2181/com.alibaba.dubbo.registry.RegistryService?application=jikexueyuan-dubbo-consumer&amp;connected=true&amp;dubbo=2.4.10&amp;interface=net.lzw.interfaces.SpeakInterface&amp;methods=speak&amp;pid=9008&amp;revision=1.0-SNAPSHOT&amp;side=consumer&amp;timestamp=1475734523133 to the consumer 10.10.20.184 use dubbo version 2.4.10" type="org.springframework.beans.factory.BeanCreationException">org.springframework.beans.factory.BeanCreationException: Error creating bean with name &apos;cunsumerTest.BaseTest&apos;: Injection of resource dependencies failed; nested exception is org.springframework.beans.factory.BeanCreationException: Error creating bean with name &apos;speakInterface&apos;: FactoryBean threw exception on object creation; nested exception is java.lang.IllegalStateException: Failed to check the status of the service net.lzw.interfaces.SpeakInterface. No provider available for the service net.lzw.interfaces.SpeakInterface from the url zookeeper://127.0.0.1:2181/com.alibaba.dubbo.registry.RegistryService?application=jikexueyuan-dubbo-consumer&amp;connected=true&amp;dubbo=2.4.10&amp;interface=net.lzw.interfaces.SpeakInterface&amp;methods=speak&amp;pid=9008&amp;revision=1.0-SNAPSHOT&amp;side=consumer&amp;timestamp=1475734523133 to the consumer 10.10.20.184 use dubbo version 2.4.10
	at org.springframework.context.annotation.CommonAnnotationBeanPostProcessor.postProcessPropertyValues(CommonAnnotationBeanPostProcessor.java:306)
	at org.springframework.beans.factory.support.AbstractAutowireCapableBeanFactory.populateBean(AbstractAutowireCapableBeanFactory.java:1146)
	at org.springframework.beans.factory.support.AbstractAutowireCapableBeanFactory.autowireBeanProperties(AbstractAutowireCapableBeanFactory.java:376)
	at org.springframework.test.context.support.DependencyInjectionTestExecutionListener.injectDependencies(DependencyInjectionTestExecutionListener.java:110)
	at org.springframework.test.context.support.DependencyInjectionTestExecutionListener.prepareTestInstance(DependencyInjectionTestExecutionListener.java:75)
	at org.springframework.test.context.TestContextManager.prepareTestInstance(TestContextManager.java:307)
	at org.springframework.test.context.junit4.SpringJUnit4ClassRunner.createTest(SpringJUnit4ClassRunner.java:211)
	at org.springframework.test.context.junit4.SpringJUnit4ClassRunner$1.runReflectiveCall(SpringJUnit4ClassRunner.java:288)
	at org.junit.internal.runners.model.ReflectiveCallable.run(ReflectiveCallable.java:12)
	at org.springframework.test.context.junit4.SpringJUnit4ClassRunner.methodBlock(SpringJUnit4ClassRunner.java:284)
	at org.springframework.test.context.junit4.SpringJUnit4ClassRunner.runChild(SpringJUnit4ClassRunner.java:231)
	at org.springframework.test.context.junit4.SpringJUnit4ClassRunner.runChild(SpringJUnit4ClassRunner.java:88)
	at org.junit.runners.ParentRunner$3.run(ParentRunner.java:290)
	at org.junit.runners.ParentRunner$1.schedule(ParentRunner.java:71)
	at org.junit.runners.ParentRunner.runChildren(ParentRunner.java:288)
	at org.junit.runners.ParentRunner.access$000(ParentRunner.java:58)
	at org.junit.runners.ParentRunner$2.evaluate(ParentRunner.java:268)
	at org.springframework.test.context.junit4.statements.RunBeforeTestClassCallbacks.evaluate(RunBeforeTestClassCallbacks.java:61)
	at org.springframework.test.context.junit4.statements.RunAfterTestClassCallbacks.evaluate(RunAfterTestClassCallbacks.java:71)
	at org.junit.runners.ParentRunner.run(ParentRunner.java:363)
	at org.springframework.test.context.junit4.SpringJUnit4ClassRunner.run(SpringJUnit4ClassRunner.java:174)
	at org.apache.maven.surefire.junit4.JUnit4TestSet.execute(JUnit4TestSet.java:53)
	at org.apache.maven.surefire.junit4.JUnit4Provider.executeTestSet(JUnit4Provider.java:123)
	at org.apache.maven.surefire.junit4.JUnit4Provider.invoke(JUnit4Provider.java:104)
	at sun.reflect.NativeMethodAccessorImpl.invoke0(Native Method)
	at sun.reflect.NativeMethodAccessorImpl.invoke(NativeMethodAccessorImpl.java:57)
	at sun.reflect.DelegatingMethodAccessorImpl.invoke(DelegatingMethodAccessorImpl.java:43)
	at java.lang.reflect.Method.invoke(Method.java:606)
	at org.apache.maven.surefire.util.ReflectionUtils.invokeMethodWithArray(ReflectionUtils.java:164)
	at org.apache.maven.surefire.booter.ProviderFactory$ProviderProxy.invoke(ProviderFactory.java:110)
	at org.apache.maven.surefire.booter.SurefireStarter.invokeProvider(SurefireStarter.java:175)
	at org.apache.maven.surefire.booter.SurefireStarter.runSuitesInProcessWhenForked(SurefireStarter.java:107)
	at org.apache.maven.surefire.booter.ForkedBooter.main(ForkedBooter.java:68)
Caused by: org.springframework.beans.factory.BeanCreationException: Error creating bean with name &apos;speakInterface&apos;: FactoryBean threw exception on object creation; nested exception is java.lang.IllegalStateException: Failed to check the status of the service net.lzw.interfaces.SpeakInterface. No provider available for the service net.lzw.interfaces.SpeakInterface from the url zookeeper://127.0.0.1:2181/com.alibaba.dubbo.registry.RegistryService?application=jikexueyuan-dubbo-consumer&amp;connected=true&amp;dubbo=2.4.10&amp;interface=net.lzw.interfaces.SpeakInterface&amp;methods=speak&amp;pid=9008&amp;revision=1.0-SNAPSHOT&amp;side=consumer&amp;timestamp=1475734523133 to the consumer 10.10.20.184 use dubbo version 2.4.10
	at org.springframework.beans.factory.support.FactoryBeanRegistrySupport.doGetObjectFromFactoryBean(FactoryBeanRegistrySupport.java:149)
	at org.springframework.beans.factory.support.FactoryBeanRegistrySupport.getObjectFromFactoryBean(FactoryBeanRegistrySupport.java:102)
	at org.springframework.beans.factory.support.AbstractBeanFactory.getObjectForBeanInstance(AbstractBeanFactory.java:1468)
	at org.springframework.beans.factory.support.AbstractBeanFactory.doGetBean(AbstractBeanFactory.java:249)
	at org.springframework.beans.factory.support.AbstractBeanFactory.getBean(AbstractBeanFactory.java:198)
	at org.springframework.context.annotation.CommonAnnotationBeanPostProcessor.autowireResource(CommonAnnotationBeanPostProcessor.java:444)
	at org.springframework.context.annotation.CommonAnnotationBeanPostProcessor.getResource(CommonAnnotationBeanPostProcessor.java:418)
	at org.springframework.context.annotation.CommonAnnotationBeanPostProcessor$ResourceElement.getResourceToInject(CommonAnnotationBeanPostProcessor.java:546)
	at org.springframework.beans.factory.annotation.InjectionMetadata$InjectedElement.inject(InjectionMetadata.java:155)
	at org.springframework.beans.factory.annotation.InjectionMetadata.inject(InjectionMetadata.java:87)
	at org.springframework.context.annotation.CommonAnnotationBeanPostProcessor.postProcessPropertyValues(CommonAnnotationBeanPostProcessor.java:303)
	... 32 more
Caused by: java.lang.IllegalStateException: Failed to check the status of the service net.lzw.interfaces.SpeakInterface. No provider available for the service net.lzw.interfaces.SpeakInterface from the url zookeeper://127.0.0.1:2181/com.alibaba.dubbo.registry.RegistryService?application=jikexueyuan-dubbo-consumer&amp;connected=true&amp;dubbo=2.4.10&amp;interface=net.lzw.interfaces.SpeakInterface&amp;methods=speak&amp;pid=9008&amp;revision=1.0-SNAPSHOT&amp;side=consumer&amp;timestamp=1475734523133 to the consumer 10.10.20.184 use dubbo version 2.4.10
	at com.alibaba.dubbo.config.ReferenceConfig.createProxy(ReferenceConfig.java:422)
	at com.alibaba.dubbo.config.ReferenceConfig.init(ReferenceConfig.java:303)
	at com.alibaba.dubbo.config.ReferenceConfig.get(ReferenceConfig.java:138)
	at com.alibaba.dubbo.config.spring.ReferenceBean.getObject(ReferenceBean.java:65)
	at org.springframework.beans.factory.support.FactoryBeanRegistrySupport.doGetObjectFromFactoryBean(FactoryBeanRegistrySupport.java:142)
	... 42 more
</error>
    <system-err>log4j:WARN No appenders could be found for logger (org.springframework.test.context.junit4.SpringJUnit4ClassRunner).
log4j:WARN Please initialize the log4j system properly.
</system-err>
  </testcase>
</testsuite>